help.are
limbo.are
newacad.are
newgate.are
newdark.are
gods.are
plains.are
haon.are
midennir.are
sewer.are
redferne.are
grove.are
dwarven.are
daycare.are
grave.are
chapel.are
astral.are
Build.are
pixie.are
export.are
srefuge.are
manor.are
unholy.are
gallery.are
housing.are
stormwind.are
Hansth.are
deadmines.are
orgrimmar.are
undercity.are
thunderbluff.are
elwynnforest.are
dunmorogh.are
ironforge.are
darnassus.are
westfall.are
duskwood.are
stranglethornvale.are
redridge.are
deadwind.are
durotar.are
mulgore.are
$
